E:\JAY\JAY\PMBUSMON\MFCAPPLICATION1\MFCAPPLICATION1\RELEASE\MFCAPPLICATION1.PCH
E:\JAY\JAY\PMBUSMON\MFCAPPLICATION1\MFCAPPLICATION1\RELEASE\STDAFX.OBJ
E:\JAY\JAY\PMBUSMON\MFCAPPLICATION1\MFCAPPLICATION1\RELEASE\VC110.PDB
E:\JAY\JAY\PMBUSMON\MFCAPPLICATION1\MFCAPPLICATION1\RELEASE\SOURCE.OBJ
E:\JAY\JAY\PMBUSMON\MFCAPPLICATION1\MFCAPPLICATION1\RELEASE\MFCAPPLICATION1DLG.OBJ
E:\JAY\JAY\PMBUSMON\MFCAPPLICATION1\MFCAPPLICATION1\RELEASE\MFCAPPLICATION1.OBJ
E:\JAY\JAY\PMBUSMON\MFCAPPLICATION1\MFCAPPLICATION1\RELEASE\MFCAPPLICATION1.RES
E:\jay\jay\PMBUSMON\MFCApplication1\MFCApplication1\Release\MFCApplication1.obj
E:\jay\jay\PMBUSMON\MFCApplication1\MFCApplication1\Release\MFCApplication1Dlg.obj
E:\jay\jay\PMBUSMON\MFCApplication1\MFCApplication1\Release\Source.obj
E:\jay\jay\PMBUSMON\MFCApplication1\MFCApplication1\Release\stdafx.obj
E:\jay\jay\PMBUSMON\MFCApplication1\MFCApplication1\Release\cl.command.1.tlog
E:\jay\jay\PMBUSMON\MFCApplication1\MFCApplication1\Release\CL.read.1.tlog
E:\jay\jay\PMBUSMON\MFCApplication1\MFCApplication1\Release\CL.write.1.tlog
E:\jay\jay\PMBUSMON\MFCApplication1\MFCApplication1\Release\link.command.1.tlog
E:\jay\jay\PMBUSMON\MFCApplication1\MFCApplication1\Release\link.read.1.tlog
E:\jay\jay\PMBUSMON\MFCApplication1\MFCApplication1\Release\link.write.1.tlog
E:\jay\jay\PMBUSMON\MFCApplication1\MFCApplication1\Release\rc.command.1.tlog
E:\jay\jay\PMBUSMON\MFCApplication1\MFCApplication1\Release\rc.read.1.tlog
E:\jay\jay\PMBUSMON\MFCApplication1\MFCApplication1\Release\rc.write.1.tlog
E:\jay\jay\PMBUSMON\MFCApplication1\MFCApplication1\Release\MFCApplication1.res
E:\jay\jay\PMBUSMON\MFCApplication1\MFCApplication1\Release\MFCApplication1.pch
E:\jay\jay\PMBUSMON\MFCApplication1\MFCApplication1\Release\vc110.pdb
