E:\JAY\JAY\PMBUSMON\MFCAPPLICATION1\MFCAPPLICATION1\DEBUG\MFCAPPLICATION1.PCH
E:\JAY\JAY\PMBUSMON\MFCAPPLICATION1\MFCAPPLICATION1\DEBUG\STDAFX.OBJ
E:\JAY\JAY\PMBUSMON\MFCAPPLICATION1\MFCAPPLICATION1\DEBUG\VC110.PDB
E:\JAY\JAY\PMBUSMON\MFCAPPLICATION1\MFCAPPLICATION1\DEBUG\MFCAPPLICATION1.OBJ
E:\JAY\JAY\PMBUSMON\MFCAPPLICATION1\MFCAPPLICATION1\DEBUG\MFCAPPLICATION1DLG.OBJ
E:\JAY\JAY\PMBUSMON\MFCAPPLICATION1\MFCAPPLICATION1\DEBUG\SOURCE.OBJ
E:\JAY\JAY\PMBUSMON\MFCAPPLICATION1\DEBUG\MFCAPPLICATION1.ILK
E:\JAY\JAY\PMBUSMON\MFCAPPLICATION1\DEBUG\MFCAPPLICATION1.EXE
E:\JAY\JAY\PMBUSMON\MFCAPPLICATION1\DEBUG\MFCAPPLICATION1.PDB
E:\JAY\JAY\PMBUSMON\MFCAPPLICATION1\MFCAPPLICATION1\DEBUG\MFCAPPLICATION1.RES
E:\jay\jay\PMBUSMON\MFCApplication1\MFCApplication1\Debug\MFCApplication1.obj
E:\jay\jay\PMBUSMON\MFCApplication1\MFCApplication1\Debug\MFCApplication1Dlg.obj
E:\jay\jay\PMBUSMON\MFCApplication1\MFCApplication1\Debug\Source.obj
E:\jay\jay\PMBUSMON\MFCApplication1\MFCApplication1\Debug\stdafx.obj
E:\jay\jay\PMBUSMON\MFCApplication1\MFCApplication1\Debug\cl.command.1.tlog
E:\jay\jay\PMBUSMON\MFCApplication1\MFCApplication1\Debug\CL.read.1.tlog
E:\jay\jay\PMBUSMON\MFCApplication1\MFCApplication1\Debug\CL.write.1.tlog
E:\jay\jay\PMBUSMON\MFCApplication1\MFCApplication1\Debug\link-cvtres.read.1.tlog
E:\jay\jay\PMBUSMON\MFCApplication1\MFCApplication1\Debug\link-cvtres.write.1.tlog
E:\jay\jay\PMBUSMON\MFCApplication1\MFCApplication1\Debug\link-mt.read.1.tlog
E:\jay\jay\PMBUSMON\MFCApplication1\MFCApplication1\Debug\link-mt.write.1.tlog
E:\jay\jay\PMBUSMON\MFCApplication1\MFCApplication1\Debug\link-rc.read.1.tlog
E:\jay\jay\PMBUSMON\MFCApplication1\MFCApplication1\Debug\link-rc.write.1.tlog
E:\jay\jay\PMBUSMON\MFCApplication1\MFCApplication1\Debug\link.command.1.tlog
E:\jay\jay\PMBUSMON\MFCApplication1\MFCApplication1\Debug\link.read.1.tlog
E:\jay\jay\PMBUSMON\MFCApplication1\MFCApplication1\Debug\link.write.1.tlog
E:\jay\jay\PMBUSMON\MFCApplication1\MFCApplication1\Debug\rc.command.1.tlog
E:\jay\jay\PMBUSMON\MFCApplication1\MFCApplication1\Debug\rc.read.1.tlog
E:\jay\jay\PMBUSMON\MFCApplication1\MFCApplication1\Debug\rc.write.1.tlog
E:\jay\jay\PMBUSMON\MFCApplication1\MFCApplication1\Debug\MFCApplication1.res
E:\jay\jay\PMBUSMON\MFCApplication1\MFCApplication1\Debug\MFCApplication1.pch
E:\jay\jay\PMBUSMON\MFCApplication1\MFCApplication1\Debug\vc110.idb
E:\jay\jay\PMBUSMON\MFCApplication1\MFCApplication1\Debug\vc110.pdb
E:\jay\jay\PMBUSMON\MFCApplication1\Debug\MFCApplication1.pdb
E:\jay\jay\PMBUSMON\MFCApplication1\Debug\MFCApplication1.exe
E:\jay\jay\PMBUSMON\MFCApplication1\Debug\MFCApplication1.ilk
